<?xml version="1.0" encoding="UTF-8"?>
<testsuite xmlns:xsi="http://www.w3.org/2001/XMLSchema-instance" xsi:noNamespaceSchemaLocation="https://maven.apache.org/surefire/maven-surefire-plugin/xsd/surefire-test-report-3.0.xsd" version="3.0" name="at.ac.uibk.dps.cloud.simulator.test.complex.IaaSPerformanceTest" time="0.918" tests="3" errors="0" skipped="0" failures="0">
  <properties>
[...]
</properties>
  <testcase name="roundRobinPerformance" classname="at.ac.uibk.dps.cloud.simulator.test.complex.IaaSPerformanceTest" time="0.586"/>
  <testcase name="performanceTest" classname="at.ac.uibk.dps.cloud.simulator.test.complex.IaaSPerformanceTest" time="0.209"/>
  <testcase name="pmRegistrationPerformance" classname="at.ac.uibk.dps.cloud.simulator.test.complex.IaaSPerformanceTest" time="0.049"/>
</testsuite>